<?xml version="1.0" encoding="UTF-8"?>
<!-- Generated by org.testng.reporters.JUnitReportReporter -->
<testsuite hostname="PRAVEEN" failures="0" tests="2" name="Swag.swagLabs.Tc_001" time="65.412" errors="0" timestamp="2024-02-02T13:54:33 IST" skipped="0">
  <testcase classname="Swag.swagLabs.Tc_001" name="RunTest" time="32.052"/>
  <system-out/>
  <testcase classname="Swag.swagLabs.Tc_001" name="RunTest" time="33.360"/>
  <system-out/>
</testsuite> <!-- Swag.swagLabs.Tc_001 -->
